<?xml version="1.0" encoding="UTF-8"?>
<!-- Generated by org.testng.reporters.JUnitReportReporter -->
<testsuite skipped="0" hostname="sushil" name="com.SauceLabs.testcases.addCart_001" tests="3" failures="0" timestamp="2022-01-17T13:09:01 IST" time="3.132" errors="0">
  <testcase name="addCart" time="1.307" classname="com.SauceLabs.testcases.addCart_001"/>
  <system-out/>
  <testcase name="logout" time="0.251" classname="com.SauceLabs.testcases.addCart_001"/>
  <system-out/>
  <testcase name="LoginSauceLabs" time="1.574" classname="com.SauceLabs.testcases.addCart_001"/>
  <system-out/>
</testsuite> <!-- com.SauceLabs.testcases.addCart_001 -->
